Arguments: 
  /usr/bin/node /usr/bin/yarn add react react-dom

PATH: 
  /home/paulovieira/.fastlane/bin:/home/paulovieira/.fastlane/bin:/usr/local/sbin:/usr/local/bin:/usr/sbin:/usr/bin:/sbin:/bin:/usr/games:/usr/local/games:/snap/bin:/home/paulovieira/Android/Sdk/tools:/home/paulovieira/Android/Sdk/platform-tools:/home/paulovieira/Android/Sdk/emulator:/home/paulovieira/Android/Sdk/tools:/home/paulovieira/Android/Sdk/tools/bin:/home/paulovieira/Android/Sdk/platform-tools:/home/paulovieira/Android/Sdk/tools:/home/paulovieira/Android/Sdk/platform-tools:/home/paulovieira/Android/Sdk/emulator:/home/paulovieira/Android/Sdk/tools:/home/paulovieira/Android/Sdk/tools/bin:/home/paulovieira/Android/Sdk/platform-tools

Yarn version: 
  1.22.4

Node version: 
  12.18.1

Platform: 
  linux x64

Trace: 
  Error: getaddrinfo EAI_AGAIN registry.yarnpkg.com
      at GetAddrInfoReqWrap.onlookup [as oncomplete] (dns.js:66:26)

npm manifest: 
  {
    "name": "react",
    "version": "1.0.0",
    "main": "index.js",
    "license": "MIT"
  }

yarn manifest: 
  No manifest

Lockfile: 
  No lockfile
